# JRE version: OpenJDK Runtime Environment Microsoft-7208460 (11.0.18+10) (build 11.0.18+10-LTS)
# Java VM: OpenJDK 64-Bit Server VM Microsoft-7208460 (11.0.18+10-LTS, mixed mode, tiered, compressed oops, g1 gc, windows-amd64)
Heap:
 garbage-first heap   total 324608K, used 207352K [0x0000000080000000, 0x0000000100000000)
  region size 1024K, 33 young (33792K), 6 survivors (6144K)
 Metaspace       used 141377K, capacity 145478K, committed 145672K, reserved 643072K
  class space    used 17625K, capacity 19163K, committed 19200K, reserved 516096K
GC Heap History (20 events):
Event: 246.552 GC heap before
{Heap before GC invocations=48 (full 0):
 garbage-first heap   total 324608K, used 245265K [0x0000000080000000, 0x0000000100000000)
  region size 1024K, 114 young (116736K), 15 survivors (15360K)
 Metaspace       used 122973K, capacity 126963K, committed 127240K, reserved 626688K
  class space    used 15801K, capacity 17327K, committed 17408K, reserved 516096K
}
Event: 246.574 GC heap after
{Heap after GC invocations=49 (full 0):
 garbage-first heap   total 324608K, used 155143K [0x0000000080000000, 0x0000000100000000)
  region size 1024K, 11 young (11264K), 11 survivors (11264K)
 Metaspace       used 122973K, capacity 126963K, committed 127240K, reserved 626688K
  class space    used 15801K, capacity 17327K, committed 17408K, reserved 516096K
}
Event: 258.557 GC heap before
{Heap before GC invocations=49 (full 0):
 garbage-first heap   total 324608K, used 249351K [0x0000000080000000, 0x0000000100000000)
  region size 1024K, 104 young (106496K), 11 survivors (11264K)
 Metaspace       used 128771K, capacity 132757K, committed 133000K, reserved 632832K
  class space    used 16475K, capacity 18025K, committed 18048K, reserved 516096K
}
Event: 258.577 GC heap after
{Heap after GC invocations=50 (full 0):
 garbage-first heap   total 324608K, used 162095K [0x0000000080000000, 0x0000000100000000)
  region size 1024K, 8 young (8192K), 8 survivors (8192K)
 Metaspace       used 128771K, capacity 132757K, committed 133000K, reserved 632832K
  class space    used 16475K, capacity 18025K, committed 18048K, reserved 516096K
}
Event: 279.718 GC heap before
{Heap before GC invocations=50 (full 0):
 garbage-first heap   total 324608K, used 255279K [0x0000000080000000, 0x0000000100000000)
  region size 1024K, 100 young (102400K), 8 survivors (8192K)
 Metaspace       used 130422K, capacity 134523K, committed 134664K, reserved 632832K
  class space    used 16610K, capacity 18160K, committed 18176K, reserved 516096K
}
Event: 279.741 GC heap after
{Heap after GC invocations=51 (full 0):
 garbage-first heap   total 324608K, used 174525K [0x0000000080000000, 0x0000000100000000)
  region size 1024K, 12 young (12288K), 12 survivors (12288K)
 Metaspace       used 130422K, capacity 134523K, committed 134664K, reserved 632832K
  class space    used 16610K, capacity 18160K, committed 18176K, reserved 516096K
}
Event: 282.059 GC heap before
{Heap before GC invocations=51 (full 0):
 garbage-first heap   total 324608K, used 268733K [0x0000000080000000, 0x0000000100000000)
  region size 1024K, 94 young (96256K), 12 survivors (12288K)
 Metaspace       used 132654K, capacity 136771K, committed 136968K, reserved 634880K
  class space    used 16776K, capacity 18345K, committed 18432K, reserved 516096K
}
Event: 282.069 GC heap after
{Heap after GC invocations=52 (full 0):
 garbage-first heap   total 324608K, used 169687K [0x0000000080000000, 0x0000000100000000)
  region size 1024K, 3 young (3072K), 3 survivors (3072K)
 Metaspace       used 132654K, capacity 136771K, committed 136968K, reserved 634880K
  class space    used 16776K, capacity 18345K, committed 18432K, reserved 516096K
}
Event: 288.829 GC heap before
{Heap before GC invocations=52 (full 0):
 garbage-first heap   total 324608K, used 260823K [0x0000000080000000, 0x0000000100000000)
  region size 1024K, 93 young (95232K), 3 survivors (3072K)
 Metaspace       used 137670K, capacity 141874K, committed 142088K, reserved 641024K
  class space    used 17221K, capacity 18817K, committed 18944K, reserved 516096K
}
Event: 288.836 GC heap after
{Heap after GC invocations=53 (full 0):
 garbage-first heap   total 324608K, used 169642K [0x0000000080000000, 0x0000000100000000)
  region size 1024K, 3 young (3072K), 3 survivors (3072K)
 Metaspace       used 137670K, capacity 141874K, committed 142088K, reserved 641024K
  class space    used 17221K, capacity 18817K, committed 18944K, reserved 516096K
}
Event: 290.833 GC heap before
{Heap before GC invocations=53 (full 0):
 garbage-first heap   total 324608K, used 177834K [0x0000000080000000, 0x0000000100000000)
  region size 1024K, 12 young (12288K), 3 survivors (3072K)
 Metaspace       used 137752K, capacity 141951K, committed 142088K, reserved 641024K
  class space    used 17222K, capacity 18817K, committed 18944K, reserved 516096K
}
Event: 290.846 GC heap after
{Heap after GC invocations=54 (full 0):
 garbage-first heap   total 324608K, used 169720K [0x0000000080000000, 0x0000000100000000)
  region size 1024K, 3 young (3072K), 3 survivors (3072K)
 Metaspace       used 137752K, capacity 141951K, committed 142088K, reserved 641024K
  class space    used 17222K, capacity 18817K, committed 18944K, reserved 516096K
}
Event: 298.943 GC heap before
{Heap before GC invocations=55 (full 0):
 garbage-first heap   total 324608K, used 250616K [0x0000000080000000, 0x0000000100000000)
  region size 1024K, 83 young (84992K), 3 survivors (3072K)
 Metaspace       used 138691K, capacity 142813K, committed 143112K, reserved 641024K
  class space    used 17279K, capacity 18832K, committed 18944K, reserved 516096K
}
Event: 298.959 GC heap after
{Heap after GC invocations=56 (full 0):
 garbage-first heap   total 324608K, used 176540K [0x0000000080000000, 0x0000000100000000)
  region size 1024K, 10 young (10240K), 10 survivors (10240K)
 Metaspace       used 138691K, capacity 142813K, committed 143112K, reserved 641024K
  class space    used 17279K, capacity 18832K, committed 18944K, reserved 516096K
}
Event: 311.129 GC heap before
{Heap before GC invocations=56 (full 0):
 garbage-first heap   total 324608K, used 261532K [0x0000000080000000, 0x0000000100000000)
  region size 1024K, 88 young (90112K), 10 survivors (10240K)
 Metaspace       used 139531K, capacity 143660K, committed 143880K, reserved 643072K
  class space    used 17375K, capacity 18915K, committed 18944K, reserved 516096K
}
Event: 311.146 GC heap after
{Heap after GC invocations=57 (full 0):
 garbage-first heap   total 324608K, used 183059K [0x0000000080000000, 0x0000000100000000)
  region size 1024K, 5 young (5120K), 5 survivors (5120K)
 Metaspace       used 139531K, capacity 143660K, committed 143880K, reserved 643072K
  class space    used 17375K, capacity 18915K, committed 18944K, reserved 516096K
}
Event: 311.456 GC heap before
{Heap before GC invocations=57 (full 0):
 garbage-first heap   total 324608K, used 261907K [0x0000000080000000, 0x0000000100000000)
  region size 1024K, 82 young (83968K), 5 survivors (5120K)
 Metaspace       used 139531K, capacity 143660K, committed 143880K, reserved 643072K
  class space    used 17375K, capacity 18915K, committed 18944K, reserved 516096K
}
Event: 311.462 GC heap after
{Heap after GC invocations=58 (full 0):
 garbage-first heap   total 324608K, used 184027K [0x0000000080000000, 0x0000000100000000)
  region size 1024K, 6 young (6144K), 6 survivors (6144K)
 Metaspace       used 139531K, capacity 143660K, committed 143880K, reserved 643072K
  class space    used 17375K, capacity 18915K, committed 18944K, reserved 516096K
}
Event: 316.299 GC heap before
{Heap before GC invocations=58 (full 0):
 garbage-first heap   total 324608K, used 263899K [0x0000000080000000, 0x0000000100000000)
  region size 1024K, 85 young (87040K), 6 survivors (6144K)
 Metaspace       used 140690K, capacity 144820K, committed 145032K, reserved 643072K
  class space    used 17545K, capacity 19055K, committed 19072K, reserved 516096K
}
Event: 316.305 GC heap after
{Heap after GC invocations=59 (full 0):
 garbage-first heap   total 324608K, used 181752K [0x0000000080000000, 0x0000000100000000)
  region size 1024K, 6 young (6144K), 6 survivors (6144K)
 Metaspace       used 140690K, capacity 144820K, committed 145032K, reserved 643072K
  class space    used 17545K, capacity 19055K, committed 19072K, reserved 516096K
}

